<?xml version="1.0" encoding="UTF-8"?>
<!-- Generated by org.testng.reporters.JUnitReportReporter -->
<testsuite skipped="0" hostname="HSLL-HO-0662" name="com.holisol.DMSSelenium.test.GenerateAwbPageTest" tests="3" failures="0" timestamp="10 Sep 2020 11:47:31 GMT" time="5.616" errors="0">
  <testcase name="goToGenerateAwbPageTest" time="4.245" classname="com.holisol.DMSSelenium.test.GenerateAwbPageTest"/>
  <testcase name="verifyAddNewAwbTest" time="1.331" classname="com.holisol.DMSSelenium.test.GenerateAwbPageTest"/>
  <testcase name="verifyGenAwbPageSubs" time="0.040" classname="com.holisol.DMSSelenium.test.GenerateAwbPageTest"/>
</testsuite> <!-- com.holisol.DMSSelenium.test.GenerateAwbPageTest -->
