<?xml version="1.0" encoding="UTF-8"?>
<!-- Generated by org.testng.reporters.JUnitReportReporter -->
<testsuite skipped="0" hostname="HSLL-HO-0662" name="com.holisol.DMSSelenium.test.LoginPageTest" tests="2" failures="0" timestamp="05 Oct 2020 05:43:50 GMT" time="1.346" errors="0">
  <testcase name="doLoginTest" time="1.325" classname="com.holisol.DMSSelenium.test.LoginPageTest"/>
  <testcase name="verifyLoginTitleTest" time="0.021" classname="com.holisol.DMSSelenium.test.LoginPageTest"/>
</testsuite> <!-- com.holisol.DMSSelenium.test.LoginPageTest -->
