<?xml version="1.0" encoding="UTF-8"?>
<!-- Generated by org.testng.reporters.JUnitReportReporter -->
<testsuite skipped="2" hostname="HSLL-HO-0662" name="com.holisol.DMSSelenium.test.LoginPageTest" tests="3" failures="0" timestamp="06 Oct 2020 18:49:15 GMT" time="13.297" errors="1">
  <testcase name="setUp" time="13.297" classname="com.holisol.DMSSelenium.test.LoginPageTest">
    <error type="java.lang.Error" message="network server is slow..check internet connection">
      <![CDATA[java.lang.Error: network server is slow..check internet connection
at com.holisol.DMSSelenium.base.BasePage.init_driver(BasePage.java:69)
at com.holisol.DMSSelenium.base.BaseTest.setUp(BaseTest.java:25)
at sun.reflect.NativeMethodAccessorImpl.invoke0(Native Method)
at sun.reflect.NativeMethodAccessorImpl.invoke(NativeMethodAccessorImpl.java:62)
at sun.reflect.DelegatingMethodAccessorImpl.invoke(DelegatingMethodAccessorImpl.java:43)
at java.lang.reflect.Method.invoke(Method.java:498)
at org.testng.internal.MethodInvocationHelper.invokeMethod(MethodInvocationHelper.java:124)
at org.testng.internal.MethodInvocationHelper.invokeMethodConsideringTimeout(MethodInvocationHelper.java:59)
at org.testng.internal.Invoker.invokeConfigurationMethod(Invoker.java:455)
at org.testng.internal.Invoker.invokeConfigurations(Invoker.java:222)
at org.testng.internal.Invoker.invokeConfigurations(Invoker.java:142)
at org.testng.TestRunner.beforeRun(TestRunner.java:529)
at org.testng.TestRunner.run(TestRunner.java:497)
at org.testng.SuiteRunner.runTest(SuiteRunner.java:455)
at org.testng.SuiteRunner.runSequentially(SuiteRunner.java:450)
at org.testng.SuiteRunner.privateRun(SuiteRunner.java:415)
at org.testng.SuiteRunner.run(SuiteRunner.java:364)
at org.testng.SuiteRunnerWorker.runSuite(SuiteRunnerWorker.java:52)
at org.testng.SuiteRunnerWorker.run(SuiteRunnerWorker.java:84)
at org.testng.TestNG.runSuitesSequentially(TestNG.java:1208)
at org.testng.TestNG.runSuitesLocally(TestNG.java:1137)
at org.testng.TestNG.runSuites(TestNG.java:1049)
at org.testng.TestNG.run(TestNG.java:1017)
at org.testng.remote.AbstractRemoteTestNG.run(AbstractRemoteTestNG.java:114)
at org.testng.remote.RemoteTestNG.initAndRun(RemoteTestNG.java:251)
at org.testng.remote.RemoteTestNG.main(RemoteTestNG.java:77)
]]>
    </error>
  </testcase> <!-- setUp -->
  <testcase name="verifyLoginTitleTest" time="0.000" classname="com.holisol.DMSSelenium.test.LoginPageTest">
    <skipped/>
  </testcase> <!-- verifyLoginTitleTest -->
  <testcase name="doLoginTest" time="0.000" classname="com.holisol.DMSSelenium.test.LoginPageTest">
    <skipped/>
  </testcase> <!-- doLoginTest -->
</testsuite> <!-- com.holisol.DMSSelenium.test.LoginPageTest -->
